(0000) 3000  0011000000000000 (  10)                 .ORIG x3000
(3000) E013  1110000000010011 (  11) RESTART         LEA   R0 PROMPT
(3001) F022  1111000000100010 (  12)                 TRAP  x22
(3002) F020  1111000000100000 (  13)                 TRAP  x20
(3003) 1620  0001011000100000 (  14)                 ADD   R3 R0 #0
(3004) 16F0  0001011011110000 (  15)                 ADD   R3 R3 #-16
(3005) 16F0  0001011011110000 (  16)                 ADD   R3 R3 #-16
(3006) 16F0  0001011011110000 (  17)                 ADD   R3 R3 #-16
(3007) 18FA  0001100011111010 (  18)                 ADD   R4 R3 #-6
(3008) 020A  0000001000001010 (  19)                 BRP   BREAK
(3009) E022  1110000000100010 (  20)                 LEA   R0 DAYS
(300A) 16E0  0001011011100000 (  21)                 ADD   R3 R3 #0
(300B) 0403  0000010000000011 (  22) LOOP            BRZ   DISPLAY
(300C) 102A  0001000000101010 (  23)                 ADD   R0 R0 #10
(300D) 16FF  0001011011111111 (  24)                 ADD   R3 R3 #-1
(300E) 0FFC  0000111111111100 (  25)                 BRNZP LOOP
(300F) F022  1111000000100010 (  26) DISPLAY         TRAP  x22
(3010) E061  1110000001100001 (  27)                 LEA   R0 LF
(3011) F022  1111000000100010 (  28)                 TRAP  x22
(3012) 0FED  0000111111101101 (  30)                 BRNZP RESTART
(3013) F025  1111000000100101 (  35) BREAK           TRAP  x25
(3014) 0050  0000000001010000 (  36) PROMPT          .FILL x0050
(3015) 006C  0000000001101100 (  36)                 .FILL x006C
(3016) 0065  0000000001100101 (  36)                 .FILL x0065
(3017) 0061  0000000001100001 (  36)                 .FILL x0061
(3018) 0073  0000000001110011 (  36)                 .FILL x0073
(3019) 0065  0000000001100101 (  36)                 .FILL x0065
(301A) 0020  0000000000100000 (  36)                 .FILL x0020
(301B) 0065  0000000001100101 (  36)                 .FILL x0065
(301C) 006E  0000000001101110 (  36)                 .FILL x006E
(301D) 0074  0000000001110100 (  36)                 .FILL x0074
(301E) 0065  0000000001100101 (  36)                 .FILL x0065
(301F) 0072  0000000001110010 (  36)                 .FILL x0072
(3020) 0020  0000000000100000 (  36)                 .FILL x0020
(3021) 0061  0000000001100001 (  36)                 .FILL x0061
(3022) 0020  0000000000100000 (  36)                 .FILL x0020
(3023) 004E  0000000001001110 (  36)                 .FILL x004E
(3024) 0075  0000000001110101 (  36)                 .FILL x0075
(3025) 006D  0000000001101101 (  36)                 .FILL x006D
(3026) 0062  0000000001100010 (  36)                 .FILL x0062
(3027) 0065  0000000001100101 (  36)                 .FILL x0065
(3028) 0072  0000000001110010 (  36)                 .FILL x0072
(3029) 003A  0000000000111010 (  36)                 .FILL x003A
(302A) 0020  0000000000100000 (  36)                 .FILL x0020
(302B) 0000  0000000000000000 (  36)                 .FILL x0000
(302C) 0053  0000000001010011 (  37) DAYS            .FILL x0053
(302D) 0055  0000000001010101 (  37)                 .FILL x0055
(302E) 004E  0000000001001110 (  37)                 .FILL x004E
(302F) 0044  0000000001000100 (  37)                 .FILL x0044
(3030) 0041  0000000001000001 (  37)                 .FILL x0041
(3031) 0059  0000000001011001 (  37)                 .FILL x0059
(3032) 0020  0000000000100000 (  37)                 .FILL x0020
(3033) 0020  0000000000100000 (  37)                 .FILL x0020
(3034) 0020  0000000000100000 (  37)                 .FILL x0020
(3035) 0000  0000000000000000 (  37)                 .FILL x0000
(3036) 004D  0000000001001101 (  38)                 .FILL x004D
(3037) 004F  0000000001001111 (  38)                 .FILL x004F
(3038) 004E  0000000001001110 (  38)                 .FILL x004E
(3039) 0044  0000000001000100 (  38)                 .FILL x0044
(303A) 0041  0000000001000001 (  38)                 .FILL x0041
(303B) 0059  0000000001011001 (  38)                 .FILL x0059
(303C) 0020  0000000000100000 (  38)                 .FILL x0020
(303D) 0020  0000000000100000 (  38)                 .FILL x0020
(303E) 0020  0000000000100000 (  38)                 .FILL x0020
(303F) 0000  0000000000000000 (  38)                 .FILL x0000
(3040) 0054  0000000001010100 (  39)                 .FILL x0054
(3041) 0055  0000000001010101 (  39)                 .FILL x0055
(3042) 0045  0000000001000101 (  39)                 .FILL x0045
(3043) 0053  0000000001010011 (  39)                 .FILL x0053
(3044) 0044  0000000001000100 (  39)                 .FILL x0044
(3045) 0041  0000000001000001 (  39)                 .FILL x0041
(3046) 0059  0000000001011001 (  39)                 .FILL x0059
(3047) 0020  0000000000100000 (  39)                 .FILL x0020
(3048) 0020  0000000000100000 (  39)                 .FILL x0020
(3049) 0000  0000000000000000 (  39)                 .FILL x0000
(304A) 0057  0000000001010111 (  40)                 .FILL x0057
(304B) 0045  0000000001000101 (  40)                 .FILL x0045
(304C) 0044  0000000001000100 (  40)                 .FILL x0044
(304D) 004E  0000000001001110 (  40)                 .FILL x004E
(304E) 0045  0000000001000101 (  40)                 .FILL x0045
(304F) 0053  0000000001010011 (  40)                 .FILL x0053
(3050) 0044  0000000001000100 (  40)                 .FILL x0044
(3051) 0041  0000000001000001 (  40)                 .FILL x0041
(3052) 0059  0000000001011001 (  40)                 .FILL x0059
(3053) 0000  0000000000000000 (  40)                 .FILL x0000
(3054) 0054  0000000001010100 (  41)                 .FILL x0054
(3055) 0048  0000000001001000 (  41)                 .FILL x0048
(3056) 0055  0000000001010101 (  41)                 .FILL x0055
(3057) 0052  0000000001010010 (  41)                 .FILL x0052
(3058) 0053  0000000001010011 (  41)                 .FILL x0053
(3059) 0044  0000000001000100 (  41)                 .FILL x0044
(305A) 0041  0000000001000001 (  41)                 .FILL x0041
(305B) 0059  0000000001011001 (  41)                 .FILL x0059
(305C) 0020  0000000000100000 (  41)                 .FILL x0020
(305D) 0000  0000000000000000 (  41)                 .FILL x0000
(305E) 0046  0000000001000110 (  42)                 .FILL x0046
(305F) 0052  0000000001010010 (  42)                 .FILL x0052
(3060) 0049  0000000001001001 (  42)                 .FILL x0049
(3061) 0044  0000000001000100 (  42)                 .FILL x0044
(3062) 0041  0000000001000001 (  42)                 .FILL x0041
(3063) 0059  0000000001011001 (  42)                 .FILL x0059
(3064) 0020  0000000000100000 (  42)                 .FILL x0020
(3065) 0020  0000000000100000 (  42)                 .FILL x0020
(3066) 0020  0000000000100000 (  42)                 .FILL x0020
(3067) 0000  0000000000000000 (  42)                 .FILL x0000
(3068) 0053  0000000001010011 (  43)                 .FILL x0053
(3069) 0041  0000000001000001 (  43)                 .FILL x0041
(306A) 0054  0000000001010100 (  43)                 .FILL x0054
(306B) 0055  0000000001010101 (  43)                 .FILL x0055
(306C) 0052  0000000001010010 (  43)                 .FILL x0052
(306D) 0044  0000000001000100 (  43)                 .FILL x0044
(306E) 0041  0000000001000001 (  43)                 .FILL x0041
(306F) 0059  0000000001011001 (  43)                 .FILL x0059
(3070) 0020  0000000000100000 (  43)                 .FILL x0020
(3071) 0000  0000000000000000 (  43)                 .FILL x0000
(3072) 000A  0000000000001010 (  44) LF              .FILL x000A
